Invalid API key · Fix external API key
[19:38:24] Loop started
[19:38:24] === Iter 1 (1/30 tasks done) ===
Invalid API key · Fix external API key
[19:38:25] Iter 1 failed (exit 1, consec: 1)
[19:38:34] === Iter 2 (1/30 tasks done) ===
Invalid API key · Fix external API key
[19:38:36] Iter 2 failed (exit 1, consec: 2)
[19:38:45] === Iter 3 (1/30 tasks done) ===
Invalid API key · Fix external API key
[19:38:47] Iter 3 failed (exit 1, consec: 3)
[19:38:56] === Iter 4 (1/30 tasks done) ===
Invalid API key · Fix external API key
[19:38:58] Iter 4 failed (exit 1, consec: 4)
[19:39:07] === Iter 5 (1/30 tasks done) ===
Invalid API key · Fix external API key
[19:39:09] Iter 5 failed (exit 1, consec: 5)
[19:39:22] === Iter 6 (1/30 tasks done) ===
Invalid API key · Fix external API key
[19:39:24] Iter 6 failed (exit 1, consec: 1)
[19:44:02] Loop started
[19:44:02] === Iter 1 (1/30 tasks done) ===
Error: Reached max turns (40)[19:49:21] === Iter 2 (1/30 tasks done) ===
All tasks in fix_plan.md are already checked off. The status section confirms "Full MVP COMPLETE." All 29 tests pass with 75 assertions and 0 failures.

LORE_COMPLETE

All tasks in `fix_plan.md` are checked off and tests pass (29 runs, 75 assertions, 0 failures, 0 errors). The Lore MVP is fully implemented:

- **Rails app** with JSON API for users, repos, search, stars
- **Git Smart HTTP** via Grack mounted at `/git` with auth middleware
- **Bare repos** on disk with HEAD on `main`, non-fast-forward rejection
- **Semantic search** with TF-IDF embeddings, `slack-notify` ranks #1
- **Web UI** with homepage, search, user pages, repo detail
- **CLI** (`bin/lore`) with register, search, clone, publish, push, whoami
- **Seed data** with 5 demo repos including realistic READMEs
- **End-to-end tests** covering the full demo flow
